<?xml version="1.0" encoding="UTF-8"?>
<testng-results skipped="0" failed="0" ignored="0" total="1" passed="1">
  <reporter-output>
  </reporter-output>
  <suite name="Tests" duration-ms="36589" started-at="2022-04-12T16:24:43Z" finished-at="2022-04-12T16:25:20Z">
    <groups>
    </groups>
    <test name="TestAcq" duration-ms="36589" started-at="2022-04-12T16:24:43Z" finished-at="2022-04-12T16:25:20Z">
      <class name="tests.basic.PageObjectCode">
        <test-method status="PASS" signature="init()[pri:0, instance:tests.basic.PageObjectCode@371a67ec]" name="init" is-config="true" duration-ms="2388" started-at="2022-04-12T16:24:43Z" finished-at="2022-04-12T16:24:46Z">
          <reporter-output>
          </reporter-output>
        </test-method> <!-- init -->
        <test-method status="PASS" signature="test()[pri:0, instance:tests.basic.PageObjectCode@371a67ec]" name="test" duration-ms="33584" started-at="2022-04-12T16:24:46Z" finished-at="2022-04-12T16:25:19Z">
          <reporter-output>
          </reporter-output>
        </test-method> <!-- test -->
        <test-method status="PASS" signature="tearDown()[pri:0, instance:tests.basic.PageObjectCode@371a67ec]" name="tearDown" is-config="true" duration-ms="603" started-at="2022-04-12T16:25:19Z" finished-at="2022-04-12T16:25:20Z">
          <reporter-output>
          </reporter-output>
        </test-method> <!-- tearDown -->
      </class> <!-- tests.basic.PageObjectCode -->
    </test> <!-- TestAcq -->
  </suite> <!-- Tests -->
</testng-results>
