<?xml version="1.0" encoding="UTF-8"?>
<testng-results ignored="0" total="1" passed="1" failed="0" skipped="0">
  <reporter-output>
  </reporter-output>
  <suite started-at="2022-04-12T16:33:47Z" name="Default suite" finished-at="2022-04-12T16:34:22Z" duration-ms="35117">
    <groups>
    </groups>
    <test started-at="2022-04-12T16:33:47Z" name="Default test" finished-at="2022-04-12T16:34:22Z" duration-ms="35117">
      <class name="tests.basic.PageObjectCode">
        <test-method is-config="true" signature="init()[pri:0, instance:tests.basic.PageObjectCode@6f53b8a]" started-at="2022-04-12T16:33:47Z" name="init" finished-at="2022-04-12T16:33:49Z" duration-ms="1799" status="PASS">
          <reporter-output>
          </reporter-output>
        </test-method> <!-- init -->
        <test-method signature="test()[pri:0, instance:tests.basic.PageObjectCode@6f53b8a]" started-at="2022-04-12T16:33:49Z" name="test" finished-at="2022-04-12T16:34:22Z" duration-ms="33196" status="PASS">
          <reporter-output>
          </reporter-output>
        </test-method> <!-- test -->
        <test-method is-config="true" signature="tearDown()[pri:0, instance:tests.basic.PageObjectCode@6f53b8a]" started-at="2022-04-12T16:34:22Z" name="tearDown" finished-at="2022-04-12T16:34:22Z" duration-ms="107" status="PASS">
          <reporter-output>
          </reporter-output>
        </test-method> <!-- tearDown -->
      </class> <!-- tests.basic.PageObjectCode -->
    </test> <!-- Default test -->
  </suite> <!-- Default suite -->
</testng-results>
